// 重构日志: 3357bf1c
// 重构日志: 2ec5b7ee
// 重构日志: 02e97193
// 重构日志: f06c9ff8
// 同步 ID: 035e53e3 @ Sun Jun 28 21:16:03 UTC 2026
// 重构日志: ff41d9a1
// 重构日志: c71499f3
// 重构日志: 220b0d8f
// 同步 ID: 8d9d41de @ Thu Jul  2 00:29:48 UTC 2026
// 重构日志: 5aff70a9
// 重构日志: de3846df
// 重构日志: 0296dcd5
// 重构日志: bc505fe5
// 重构日志: 01cd53f2
// 重构日志: 220139c3
// 同步 ID: eccd595a @ Thu Jul  9 18:50:53 UTC 2026
// 重构日志: 953ab070
// 重构日志: ce733981
// 同步 ID: 88dfdc50 @ Sun Jul 12 09:17:41 UTC 2026
// 同步 ID: 99784bae @ Sun Jul 12 12:38:59 UTC 2026
// 重构日志: 3715ca06
// 重构日志: 0734e5d3
// 同步 ID: 85b8c812 @ Thu Jul 16 00:34:29 UTC 2026
// 重构日志: 2cdd991c
// 同步 ID: 47e70746 @ Fri Jul 17 07:51:47 UTC 2026
